0 info it worked if it ends with ok
1 verbose cli [ 'C:\\Program Files\\nodejs\\node.exe',
1 verbose cli   'C:\\Program Files\\nodejs\\node_modules\\npm\\bin\\npm-cli.js',
1 verbose cli   'install',
1 verbose cli   'electron',
1 verbose cli   '--save' ]
2 info using npm@3.10.10
3 info using node@v6.11.1
4 silly loadCurrentTree Starting
5 silly install loadCurrentTree
6 silly install readLocalPackageData
7 silly fetchPackageMetaData electron
8 silly fetchNamedPackageData electron
9 silly mapToRegistry name electron
10 silly mapToRegistry using default registry
11 silly mapToRegistry registry https://registry.npmjs.org/
12 silly mapToRegistry data Result {
12 silly mapToRegistry   raw: 'electron',
12 silly mapToRegistry   scope: null,
12 silly mapToRegistry   escapedName: 'electron',
12 silly mapToRegistry   name: 'electron',
12 silly mapToRegistry   rawSpec: '',
12 silly mapToRegistry   spec: 'latest',
12 silly mapToRegistry   type: 'tag' }
13 silly mapToRegistry uri https://registry.npmjs.org/electron
14 verbose request uri https://registry.npmjs.org/electron
15 verbose request no auth needed
16 info attempt registry request try #1 at 10:33:33 PM
17 verbose request id 55d1750a5594c800
18 verbose etag W/"5a04a66e-20176"
19 verbose lastModified Thu, 09 Nov 2017 19:03:10 GMT
20 http request GET https://registry.npmjs.org/electron
21 http 304 https://registry.npmjs.org/electron
22 verbose headers { date: 'Wed, 15 Nov 2017 17:03:37 GMT',
22 verbose headers   via: '1.1 varnish',
22 verbose headers   'cache-control': 'max-age=300',
22 verbose headers   etag: 'W/"5a04a66e-20176"',
22 verbose headers   age: '168',
22 verbose headers   connection: 'keep-alive',
22 verbose headers   'x-served-by': 'cache-ams4443-AMS',
22 verbose headers   'x-cache': 'HIT',
22 verbose headers   'x-cache-hits': '1',
22 verbose headers   'x-timer': 'S1510765417.435489,VS0,VE1',
22 verbose headers   vary: 'Accept-Encoding, Accept' }
23 silly get cb [ 304,
23 silly get   { date: 'Wed, 15 Nov 2017 17:03:37 GMT',
23 silly get     via: '1.1 varnish',
23 silly get     'cache-control': 'max-age=300',
23 silly get     etag: 'W/"5a04a66e-20176"',
23 silly get     age: '168',
23 silly get     connection: 'keep-alive',
23 silly get     'x-served-by': 'cache-ams4443-AMS',
23 silly get     'x-cache': 'HIT',
23 silly get     'x-cache-hits': '1',
23 silly get     'x-timer': 'S1510765417.435489,VS0,VE1',
23 silly get     vary: 'Accept-Encoding, Accept' } ]
24 verbose etag https://registry.npmjs.org/electron from cache
25 verbose get saving electron to C:\Users\Gentle Machine\AppData\Roaming\npm-cache\registry.npmjs.org\electron\.cache.json
26 verbose correctMkdir C:\Users\Gentle Machine\AppData\Roaming\npm-cache correctMkdir not in flight; initializing
27 silly install normalizeTree
28 silly loadCurrentTree Finishing
29 silly loadIdealTree Starting
30 silly install loadIdealTree
31 silly cloneCurrentTree Starting
32 silly install cloneCurrentTreeToIdealTree
33 silly cloneCurrentTree Finishing
34 silly loadShrinkwrap Starting
35 silly install loadShrinkwrap
36 silly loadShrinkwrap Finishing
37 silly loadAllDepsIntoIdealTree Starting
38 silly install loadAllDepsIntoIdealTree
39 silly resolveWithNewModule electron@1.7.9 checking installable status
40 silly cache add args [ 'electron', null ]
41 verbose cache add spec electron
42 silly cache add parsed spec Result {
42 silly cache add   raw: 'electron',
42 silly cache add   scope: null,
42 silly cache add   escapedName: 'electron',
42 silly cache add   name: 'electron',
42 silly cache add   rawSpec: '',
42 silly cache add   spec: 'latest',
42 silly cache add   type: 'tag' }
43 silly addNamed electron@latest
44 verbose addNamed "latest" is being treated as a dist-tag for electron
45 info addNameTag [ 'electron', 'latest' ]
46 silly mapToRegistry name electron
47 silly mapToRegistry using default registry
48 silly mapToRegistry registry https://registry.npmjs.org/
49 silly mapToRegistry data Result {
49 silly mapToRegistry   raw: 'electron',
49 silly mapToRegistry   scope: null,
49 silly mapToRegistry   escapedName: 'electron',
49 silly mapToRegistry   name: 'electron',
49 silly mapToRegistry   rawSpec: '',
49 silly mapToRegistry   spec: 'latest',
49 silly mapToRegistry   type: 'tag' }
50 silly mapToRegistry uri https://registry.npmjs.org/electron
51 verbose addNameTag registry:https://registry.npmjs.org/electron not in flight; fetching
52 verbose get https://registry.npmjs.org/electron not expired, no request
53 silly addNameTag next cb for electron with tag latest
54 silly addNamed electron@1.7.9
55 verbose addNamed "1.7.9" is a plain semver version for electron
56 silly cache afterAdd electron@1.7.9
57 verbose afterAdd C:\Users\Gentle Machine\AppData\Roaming\npm-cache\electron\1.7.9\package\package.json not in flight; writing
58 verbose correctMkdir C:\Users\Gentle Machine\AppData\Roaming\npm-cache correctMkdir not in flight; initializing
59 verbose afterAdd C:\Users\Gentle Machine\AppData\Roaming\npm-cache\electron\1.7.9\package\package.json written
60 silly fetchNamedPackageData fsevents
61 silly mapToRegistry name fsevents
62 silly mapToRegistry using default registry
63 silly mapToRegistry registry https://registry.npmjs.org/
64 silly mapToRegistry data Result {
64 silly mapToRegistry   raw: 'fsevents',
64 silly mapToRegistry   scope: null,
64 silly mapToRegistry   escapedName: 'fsevents',
64 silly mapToRegistry   name: 'fsevents',
64 silly mapToRegistry   rawSpec: '',
64 silly mapToRegistry   spec: 'latest',
64 silly mapToRegistry   type: 'tag' }
65 silly mapToRegistry uri https://registry.npmjs.org/fsevents
66 verbose request uri https://registry.npmjs.org/fsevents
67 verbose request no auth needed
68 info attempt registry request try #1 at 10:33:36 PM
69 verbose etag W/"5a0626da-e534"
70 verbose lastModified Fri, 10 Nov 2017 22:23:22 GMT
71 http request GET https://registry.npmjs.org/fsevents
72 http 304 https://registry.npmjs.org/fsevents
73 verbose headers { date: 'Wed, 15 Nov 2017 17:03:39 GMT',
73 verbose headers   via: '1.1 varnish',
73 verbose headers   'cache-control': 'max-age=300',
73 verbose headers   etag: 'W/"5a0626da-e534"',
73 verbose headers   age: '57',
73 verbose headers   connection: 'keep-alive',
73 verbose headers   'x-served-by': 'cache-ams4443-AMS',
73 verbose headers   'x-cache': 'HIT',
73 verbose headers   'x-cache-hits': '3',
73 verbose headers   'x-timer': 'S1510765419.114849,VS0,VE0',
73 verbose headers   vary: 'Accept-Encoding, Accept' }
74 silly get cb [ 304,
74 silly get   { date: 'Wed, 15 Nov 2017 17:03:39 GMT',
74 silly get     via: '1.1 varnish',
74 silly get     'cache-control': 'max-age=300',
74 silly get     etag: 'W/"5a0626da-e534"',
74 silly get     age: '57',
74 silly get     connection: 'keep-alive',
74 silly get     'x-served-by': 'cache-ams4443-AMS',
74 silly get     'x-cache': 'HIT',
74 silly get     'x-cache-hits': '3',
74 silly get     'x-timer': 'S1510765419.114849,VS0,VE0',
74 silly get     vary: 'Accept-Encoding, Accept' } ]
75 verbose etag https://registry.npmjs.org/fsevents from cache
76 verbose get saving fsevents to C:\Users\Gentle Machine\AppData\Roaming\npm-cache\registry.npmjs.org\fsevents\.cache.json
77 verbose correctMkdir C:\Users\Gentle Machine\AppData\Roaming\npm-cache correctMkdir not in flight; initializing
78 silly resolveWithNewModule fsevents@1.1.3 checking installable status
79 silly loadAllDepsIntoIdealTree Finishing
80 silly loadIdealTree Finishing
81 silly currentTree setup@1.0.0
81 silly currentTree +-- @types/node@7.0.47
81 silly currentTree +-- accepts@1.3.4
81 silly currentTree +-- acorn-dynamic-import@2.0.2
81 silly currentTree | `-- acorn@4.0.13
81 silly currentTree +-- acorn@5.2.1
81 silly currentTree +-- ajv-keywords@2.1.1
81 silly currentTree +-- ajv@5.3.0
81 silly currentTree +-- align-text@0.1.4
81 silly currentTree +-- ansi-html@0.0.7
81 silly currentTree +-- ansi-regex@2.1.1
81 silly currentTree +-- ansi-styles@2.2.1
81 silly currentTree +-- anymatch@1.3.2
81 silly currentTree +-- arr-diff@2.0.0
81 silly currentTree +-- arr-flatten@1.1.0
81 silly currentTree +-- array-find-index@1.0.2
81 silly currentTree +-- array-flatten@2.1.1
81 silly currentTree +-- array-includes@3.0.3
81 silly currentTree +-- array-union@1.0.2
81 silly currentTree +-- array-uniq@1.0.3
81 silly currentTree +-- array-unique@0.2.1
81 silly currentTree +-- asap@2.0.6
81 silly currentTree +-- asn1.js@4.9.2
81 silly currentTree +-- asn1@0.2.3
81 silly currentTree +-- assert-plus@1.0.0
81 silly currentTree +-- assert@1.4.1
81 silly currentTree +-- async-each@1.0.1
81 silly currentTree +-- async@2.6.0
81 silly currentTree +-- asynckit@0.4.0
81 silly currentTree +-- aws-sign2@0.7.0
81 silly currentTree +-- aws4@1.6.0
81 silly currentTree +-- babel-code-frame@6.26.0
81 silly currentTree +-- babel-core@6.26.0
81 silly currentTree +-- babel-generator@6.26.0
81 silly currentTree +-- babel-helper-builder-react-jsx@6.26.0
81 silly currentTree +-- babel-helper-call-delegate@6.24.1
81 silly currentTree +-- babel-helper-define-map@6.26.0
81 silly currentTree +-- babel-helper-function-name@6.24.1
81 silly currentTree +-- babel-helper-get-function-arity@6.24.1
81 silly currentTree +-- babel-helper-hoist-variables@6.24.1
81 silly currentTree +-- babel-helper-optimise-call-expression@6.24.1
81 silly currentTree +-- babel-helper-regex@6.26.0
81 silly currentTree +-- babel-helper-replace-supers@6.24.1
81 silly currentTree +-- babel-helpers@6.24.1
81 silly currentTree +-- babel-loader@7.1.2
81 silly currentTree +-- babel-messages@6.23.0
81 silly currentTree +-- babel-plugin-check-es2015-constants@6.22.0
81 silly currentTree +-- babel-plugin-syntax-flow@6.18.0
81 silly currentTree +-- babel-plugin-syntax-jsx@6.18.0
81 silly currentTree +-- babel-plugin-transform-es2015-arrow-functions@6.22.0
81 silly currentTree +-- babel-plugin-transform-es2015-block-scoped-functions@6.22.0
81 silly currentTree +-- babel-plugin-transform-es2015-block-scoping@6.26.0
81 silly currentTree +-- babel-plugin-transform-es2015-classes@6.24.1
81 silly currentTree +-- babel-plugin-transform-es2015-computed-properties@6.24.1
81 silly currentTree +-- babel-plugin-transform-es2015-destructuring@6.23.0
81 silly currentTree +-- babel-plugin-transform-es2015-duplicate-keys@6.24.1
81 silly currentTree +-- babel-plugin-transform-es2015-for-of@6.23.0
81 silly currentTree +-- babel-plugin-transform-es2015-function-name@6.24.1
81 silly currentTree +-- babel-plugin-transform-es2015-literals@6.22.0
81 silly currentTree +-- babel-plugin-transform-es2015-modules-amd@6.24.1
81 silly currentTree +-- babel-plugin-transform-es2015-modules-commonjs@6.26.0
81 silly currentTree +-- babel-plugin-transform-es2015-modules-systemjs@6.24.1
81 silly currentTree +-- babel-plugin-transform-es2015-modules-umd@6.24.1
81 silly currentTree +-- babel-plugin-transform-es2015-object-super@6.24.1
81 silly currentTree +-- babel-plugin-transform-es2015-parameters@6.24.1
81 silly currentTree +-- babel-plugin-transform-es2015-shorthand-properties@6.24.1
81 silly currentTree +-- babel-plugin-transform-es2015-spread@6.22.0
81 silly currentTree +-- babel-plugin-transform-es2015-sticky-regex@6.24.1
81 silly currentTree +-- babel-plugin-transform-es2015-template-literals@6.22.0
81 silly currentTree +-- babel-plugin-transform-es2015-typeof-symbol@6.23.0
81 silly currentTree +-- babel-plugin-transform-es2015-unicode-regex@6.24.1
81 silly currentTree +-- babel-plugin-transform-flow-strip-types@6.22.0
81 silly currentTree +-- babel-plugin-transform-react-display-name@6.25.0
81 silly currentTree +-- babel-plugin-transform-react-jsx-self@6.22.0
81 silly currentTree +-- babel-plugin-transform-react-jsx-source@6.22.0
81 silly currentTree +-- babel-plugin-transform-react-jsx@6.24.1
81 silly currentTree +-- babel-plugin-transform-regenerator@6.26.0
81 silly currentTree +-- babel-plugin-transform-strict-mode@6.24.1
81 silly currentTree +-- babel-preset-es2015@6.24.1
81 silly currentTree +-- babel-preset-flow@6.23.0
81 silly currentTree +-- babel-preset-react@6.24.1
81 silly currentTree +-- babel-register@6.26.0
81 silly currentTree | `-- core-js@2.5.1
81 silly currentTree +-- babel-runtime@6.26.0
81 silly currentTree | `-- core-js@2.5.1
81 silly currentTree +-- babel-template@6.26.0
81 silly currentTree +-- babel-traverse@6.26.0
81 silly currentTree +-- babel-types@6.26.0
81 silly currentTree +-- babel@6.23.0
81 silly currentTree +-- babylon@6.18.0
81 silly currentTree +-- balanced-match@1.0.0
81 silly currentTree +-- base64-js@1.2.1
81 silly currentTree +-- batch@0.6.1
81 silly currentTree +-- bcrypt-pbkdf@1.0.1
81 silly currentTree +-- big.js@3.2.0
81 silly currentTree +-- binary-extensions@1.10.0
81 silly currentTree +-- bn.js@4.11.8
81 silly currentTree +-- body-parser@1.18.2
81 silly currentTree +-- bonjour@3.5.0
81 silly currentTree +-- boom@4.3.1
81 silly currentTree +-- brace-expansion@1.1.8
81 silly currentTree +-- braces@1.8.5
81 silly currentTree +-- brorand@1.1.0
81 silly currentTree +-- browserify-aes@1.1.1
81 silly currentTree +-- browserify-cipher@1.0.0
81 silly currentTree +-- browserify-des@1.0.0
81 silly currentTree +-- browserify-rsa@4.0.1
81 silly currentTree +-- browserify-sign@4.0.4
81 silly currentTree +-- browserify-zlib@0.1.4
81 silly currentTree +-- buffer-indexof@1.1.1
81 silly currentTree +-- buffer-xor@1.0.3
81 silly currentTree +-- buffer@4.9.1
81 silly currentTree +-- builtin-modules@1.1.1
81 silly currentTree +-- builtin-status-codes@3.0.0
81 silly currentTree +-- bytes@3.0.0
81 silly currentTree +-- camelcase-keys@2.1.0
81 silly currentTree | `-- camelcase@2.1.1
81 silly currentTree +-- camelcase@1.2.1
81 silly currentTree +-- caseless@0.12.0
81 silly currentTree +-- center-align@0.1.3
81 silly currentTree +-- chalk@1.1.3
81 silly currentTree +-- chokidar@1.7.0
81 silly currentTree +-- cipher-base@1.0.4
81 silly currentTree +-- cliui@2.1.0
81 silly currentTree +-- co@4.6.0
81 silly currentTree +-- code-point-at@1.1.0
81 silly currentTree +-- combined-stream@1.0.5
81 silly currentTree +-- commondir@1.0.1
81 silly currentTree +-- compressible@2.0.12
81 silly currentTree +-- compression@1.7.1
81 silly currentTree +-- concat-map@0.0.1
81 silly currentTree +-- concat-stream@1.6.0
81 silly currentTree +-- connect-history-api-fallback@1.5.0
81 silly currentTree +-- console-browserify@1.1.0
81 silly currentTree +-- constants-browserify@1.0.0
81 silly currentTree +-- content-disposition@0.5.2
81 silly currentTree +-- content-type@1.0.4
81 silly currentTree +-- convert-source-map@1.5.0
81 silly currentTree +-- cookie-signature@1.0.6
81 silly currentTree +-- cookie@0.3.1
81 silly currentTree +-- core-js@1.2.7
81 silly currentTree +-- core-util-is@1.0.2
81 silly currentTree +-- create-ecdh@4.0.0
81 silly currentTree +-- create-hash@1.1.3
81 silly currentTree +-- create-hmac@1.1.6
81 silly currentTree +-- cross-spawn@5.1.0
81 silly currentTree +-- cryptiles@3.1.2
81 silly currentTree | `-- boom@5.2.0
81 silly currentTree +-- crypto-browserify@3.12.0
81 silly currentTree +-- currently-unhandled@0.4.1
81 silly currentTree +-- d@1.0.0
81 silly currentTree +-- dashdash@1.14.1
81 silly currentTree +-- date-now@0.1.4
81 silly currentTree +-- debug@2.6.9
81 silly currentTree +-- decamelize@1.2.0
81 silly currentTree +-- deep-equal@1.0.1
81 silly currentTree +-- deep-extend@0.4.2
81 silly currentTree +-- define-properties@1.1.2
81 silly currentTree +-- del@3.0.0
81 silly currentTree | `-- pify@3.0.0
81 silly currentTree +-- delayed-stream@1.0.0
81 silly currentTree +-- depd@1.1.1
81 silly currentTree +-- des.js@1.0.0
81 silly currentTree +-- destroy@1.0.4
81 silly currentTree +-- detect-indent@4.0.0
81 silly currentTree +-- detect-node@2.0.3
81 silly currentTree +-- diffie-hellman@5.0.2
81 silly currentTree +-- dns-equal@1.0.0
81 silly currentTree +-- dns-packet@1.2.2
81 silly currentTree +-- dns-txt@2.0.2
81 silly currentTree +-- domain-browser@1.1.7
81 silly currentTree +-- ecc-jsbn@0.1.1
81 silly currentTree +-- ee-first@1.1.1
81 silly currentTree +-- electron-download@3.3.0
81 silly currentTree | +-- minimist@1.2.0
81 silly currentTree | `-- path-exists@2.1.0
81 silly currentTree +-- elliptic@6.4.0
81 silly currentTree +-- emojis-list@2.1.0
81 silly currentTree +-- encodeurl@1.0.1
81 silly currentTree +-- encoding@0.1.12
81 silly currentTree +-- enhanced-resolve@3.4.1
81 silly currentTree +-- errno@0.1.4
81 silly currentTree +-- error-ex@1.3.1
81 silly currentTree +-- es-abstract@1.9.0
81 silly currentTree +-- es-to-primitive@1.1.1
81 silly currentTree +-- es5-ext@0.10.35
81 silly currentTree +-- es6-iterator@2.0.3
81 silly currentTree +-- es6-map@0.1.5
81 silly currentTree +-- es6-promise@4.1.1
81 silly currentTree +-- es6-set@0.1.5
81 silly currentTree +-- es6-symbol@3.1.1
81 silly currentTree +-- es6-weak-map@2.0.2
81 silly currentTree +-- escape-html@1.0.3
81 silly currentTree +-- escape-string-regexp@1.0.5
81 silly currentTree +-- escope@3.6.0
81 silly currentTree +-- esrecurse@4.2.0
81 silly currentTree +-- estraverse@4.2.0
81 silly currentTree +-- esutils@2.0.2
81 silly currentTree +-- etag@1.8.1
81 silly currentTree +-- event-emitter@0.3.5
81 silly currentTree +-- eventemitter3@1.2.0
81 silly currentTree +-- events@1.1.1
81 silly currentTree +-- eventsource@0.1.6
81 silly currentTree +-- evp_bytestokey@1.0.3
81 silly currentTree +-- execa@0.7.0
81 silly currentTree +-- expand-brackets@0.1.5
81 silly currentTree +-- expand-range@1.8.2
81 silly currentTree +-- express@4.16.2
81 silly currentTree | `-- array-flatten@1.1.1
81 silly currentTree +-- extend@3.0.1
81 silly currentTree +-- extglob@0.3.2
81 silly currentTree +-- extract-zip@1.6.6
81 silly currentTree | `-- mkdirp@0.5.0
81 silly currentTree +-- extsprintf@1.3.0
81 silly currentTree +-- fast-deep-equal@1.0.0
81 silly currentTree +-- fast-json-stable-stringify@2.0.0
81 silly currentTree +-- faye-websocket@0.10.0
81 silly currentTree +-- fbjs@0.8.16
81 silly currentTree +-- fd-slicer@1.0.1
81 silly currentTree +-- filename-regex@2.0.1
81 silly currentTree +-- fill-range@2.2.3
81 silly currentTree +-- finalhandler@1.1.0
81 silly currentTree +-- find-cache-dir@1.0.0
81 silly currentTree +-- find-up@2.1.0
81 silly currentTree +-- for-in@1.0.2
81 silly currentTree +-- for-own@0.1.5
81 silly currentTree +-- foreach@2.0.5
81 silly currentTree +-- forever-agent@0.6.1
81 silly currentTree +-- form-data@2.3.1
81 silly currentTree +-- forwarded@0.1.2
81 silly currentTree +-- fresh@0.5.2
81 silly currentTree +-- fs-extra@0.30.0
81 silly currentTree +-- fs.realpath@1.0.0
81 silly currentTree +-- function-bind@1.1.1
81 silly currentTree +-- get-caller-file@1.0.2
81 silly currentTree +-- get-stdin@4.0.1
81 silly currentTree +-- get-stream@3.0.0
81 silly currentTree +-- getpass@0.1.7
81 silly currentTree +-- glob-base@0.3.0
81 silly currentTree +-- glob-parent@2.0.0
81 silly currentTree +-- glob@7.1.2
81 silly currentTree +-- globals@9.18.0
81 silly currentTree +-- globby@6.1.0
81 silly currentTree +-- graceful-fs@4.1.11
81 silly currentTree +-- handle-thing@1.2.5
81 silly currentTree +-- har-schema@2.0.0
81 silly currentTree +-- har-validator@5.0.3
81 silly currentTree +-- has-ansi@2.0.0
81 silly currentTree +-- has-flag@2.0.0
81 silly currentTree +-- has@1.0.1
81 silly currentTree +-- hash-base@2.0.2
81 silly currentTree +-- hash.js@1.1.3
81 silly currentTree +-- hawk@6.0.2
81 silly currentTree +-- hmac-drbg@1.0.1
81 silly currentTree +-- hoek@4.2.0
81 silly currentTree +-- home-or-tmp@2.0.0
81 silly currentTree +-- home-path@1.0.5
81 silly currentTree +-- hosted-git-info@2.5.0
81 silly currentTree +-- hpack.js@2.1.6
81 silly currentTree +-- html-entities@1.2.1
81 silly currentTree +-- http-deceiver@1.2.7
81 silly currentTree +-- http-errors@1.6.2
81 silly currentTree | `-- setprototypeof@1.0.3
81 silly currentTree +-- http-parser-js@0.4.9
81 silly currentTree +-- http-proxy-middleware@0.17.4
81 silly currentTree | +-- is-extglob@2.1.1
81 silly currentTree | `-- is-glob@3.1.0
81 silly currentTree +-- http-proxy@1.16.2
81 silly currentTree +-- http-signature@1.2.0
81 silly currentTree +-- https-browserify@0.0.1
81 silly currentTree +-- iconv-lite@0.4.19
81 silly currentTree +-- ieee754@1.1.8
81 silly currentTree +-- import-local@0.1.1
81 silly currentTree +-- indent-string@2.1.0
81 silly currentTree +-- indexof@0.0.1
81 silly currentTree +-- inflight@1.0.6
81 silly currentTree +-- inherits@2.0.3
81 silly currentTree +-- ini@1.3.4
81 silly currentTree +-- internal-ip@1.2.0
81 silly currentTree +-- interpret@1.0.4
81 silly currentTree +-- invariant@2.2.2
81 silly currentTree +-- invert-kv@1.0.0
81 silly currentTree +-- ip@1.1.5
81 silly currentTree +-- ipaddr.js@1.5.2
81 silly currentTree +-- is-arrayish@0.2.1
81 silly currentTree +-- is-binary-path@1.0.1
81 silly currentTree +-- is-buffer@1.1.6
81 silly currentTree +-- is-builtin-module@1.0.0
81 silly currentTree +-- is-callable@1.1.3
81 silly currentTree +-- is-date-object@1.0.1
81 silly currentTree +-- is-dotfile@1.0.3
81 silly currentTree +-- is-equal-shallow@0.1.3
81 silly currentTree +-- is-extendable@0.1.1
81 silly currentTree +-- is-extglob@1.0.0
81 silly currentTree +-- is-finite@1.0.2
81 silly currentTree +-- is-fullwidth-code-point@1.0.0
81 silly currentTree +-- is-glob@2.0.1
81 silly currentTree +-- is-number@2.1.0
81 silly currentTree +-- is-path-cwd@1.0.0
81 silly currentTree +-- is-path-in-cwd@1.0.0
81 silly currentTree +-- is-path-inside@1.0.0
81 silly currentTree +-- is-posix-bracket@0.1.1
81 silly currentTree +-- is-primitive@2.0.0
81 silly currentTree +-- is-regex@1.0.4
81 silly currentTree +-- is-stream@1.1.0
81 silly currentTree +-- is-symbol@1.0.1
81 silly currentTree +-- is-typedarray@1.0.0
81 silly currentTree +-- is-utf8@0.2.1
81 silly currentTree +-- is-wsl@1.1.0
81 silly currentTree +-- isarray@1.0.0
81 silly currentTree +-- isexe@2.0.0
81 silly currentTree +-- isobject@2.1.0
81 silly currentTree +-- isomorphic-fetch@2.2.1
81 silly currentTree +-- isstream@0.1.2
81 silly currentTree +-- js-tokens@3.0.2
81 silly currentTree +-- jsbn@0.1.1
81 silly currentTree +-- jsesc@1.3.0
81 silly currentTree +-- json-loader@0.5.7
81 silly currentTree +-- json-schema-traverse@0.3.1
81 silly currentTree +-- json-schema@0.2.3
81 silly currentTree +-- json-stringify-safe@5.0.1
81 silly currentTree +-- json3@3.3.2
81 silly currentTree +-- json5@0.5.1
81 silly currentTree +-- jsonfile@2.4.0
81 silly currentTree +-- jsprim@1.4.1
81 silly currentTree +-- killable@1.0.0
81 silly currentTree +-- kind-of@3.2.2
81 silly currentTree +-- klaw@1.3.1
81 silly currentTree +-- lazy-cache@1.0.4
81 silly currentTree +-- lcid@1.0.0
81 silly currentTree +-- load-json-file@2.0.0
81 silly currentTree +-- loader-runner@2.3.0
81 silly currentTree +-- loader-utils@1.1.0
81 silly currentTree +-- locate-path@2.0.0
81 silly currentTree +-- lodash@4.17.4
81 silly currentTree +-- loglevel@1.6.0
81 silly currentTree +-- longest@1.0.1
81 silly currentTree +-- loose-envify@1.3.1
81 silly currentTree +-- loud-rejection@1.6.0
81 silly currentTree +-- lru-cache@4.1.1
81 silly currentTree +-- make-dir@1.1.0
81 silly currentTree | `-- pify@3.0.0
81 silly currentTree +-- map-obj@1.0.1
81 silly currentTree +-- md5.js@1.3.4
81 silly currentTree | `-- hash-base@3.0.4
81 silly currentTree +-- media-typer@0.3.0
81 silly currentTree +-- mem@1.1.0
81 silly currentTree +-- memory-fs@0.4.1
81 silly currentTree +-- meow@3.7.0
81 silly currentTree | +-- find-up@1.1.2
81 silly currentTree | +-- load-json-file@1.1.0
81 silly currentTree | +-- minimist@1.2.0
81 silly currentTree | +-- path-exists@2.1.0
81 silly currentTree | +-- path-type@1.1.0
81 silly currentTree | +-- read-pkg-up@1.0.1
81 silly currentTree | +-- read-pkg@1.1.0
81 silly currentTree | `-- strip-bom@2.0.0
81 silly currentTree +-- merge-descriptors@1.0.1
81 silly currentTree +-- methods@1.1.2
81 silly currentTree +-- micromatch@2.3.11
81 silly currentTree +-- miller-rabin@4.0.1
81 silly currentTree +-- mime-db@1.30.0
81 silly currentTree +-- mime-types@2.1.17
81 silly currentTree +-- mime@1.4.1
81 silly currentTree +-- mimic-fn@1.1.0
81 silly currentTree +-- minimalistic-assert@1.0.0
81 silly currentTree +-- minimalistic-crypto-utils@1.0.1
81 silly currentTree +-- minimatch@3.0.4
81 silly currentTree +-- minimist@0.0.8
81 silly currentTree +-- mkdirp@0.5.1
81 silly currentTree +-- ms@2.0.0
81 silly currentTree +-- multicast-dns-service-types@1.1.0
81 silly currentTree +-- multicast-dns@6.1.1
81 silly currentTree +-- negotiator@0.6.1
81 silly currentTree +-- node-fetch@1.7.3
81 silly currentTree +-- node-forge@0.6.33
81 silly currentTree +-- node-libs-browser@2.0.0
81 silly currentTree | `-- string_decoder@0.10.31
81 silly currentTree +-- normalize-package-data@2.4.0
81 silly currentTree +-- normalize-path@2.1.1
81 silly currentTree +-- npm-run-path@2.0.2
81 silly currentTree +-- nugget@2.0.1
81 silly currentTree | `-- minimist@1.2.0
81 silly currentTree +-- number-is-nan@1.0.1
81 silly currentTree +-- oauth-sign@0.8.2
81 silly currentTree +-- object-assign@4.1.1
81 silly currentTree +-- object-keys@1.0.11
81 silly currentTree +-- object.omit@2.0.1
81 silly currentTree +-- obuf@1.1.1
81 silly currentTree +-- on-finished@2.3.0
81 silly currentTree +-- on-headers@1.0.1
81 silly currentTree +-- once@1.4.0
81 silly currentTree +-- opn@5.1.0
81 silly currentTree +-- original@1.0.0
81 silly currentTree | `-- url-parse@1.0.5
81 silly currentTree +-- os-browserify@0.2.1
81 silly currentTree +-- os-homedir@1.0.2
81 silly currentTree +-- os-locale@2.1.0
81 silly currentTree +-- os-tmpdir@1.0.2
81 silly currentTree +-- p-finally@1.0.0
81 silly currentTree +-- p-limit@1.1.0
81 silly currentTree +-- p-locate@2.0.0
81 silly currentTree +-- p-map@1.2.0
81 silly currentTree +-- pako@0.2.9
81 silly currentTree +-- parse-asn1@5.1.0
81 silly currentTree +-- parse-glob@3.0.4
81 silly currentTree +-- parse-json@2.2.0
81 silly currentTree +-- parseurl@1.3.2
81 silly currentTree +-- path-browserify@0.0.0
81 silly currentTree +-- path-exists@3.0.0
81 silly currentTree +-- path-is-absolute@1.0.1
81 silly currentTree +-- path-is-inside@1.0.2
81 silly currentTree +-- path-key@2.0.1
81 silly currentTree +-- path-to-regexp@0.1.7
81 silly currentTree +-- path-type@2.0.0
81 silly currentTree +-- pbkdf2@3.0.14
81 silly currentTree +-- pend@1.2.0
81 silly currentTree +-- performance-now@2.1.0
81 silly currentTree +-- pify@2.3.0
81 silly currentTree +-- pinkie-promise@2.0.1
81 silly currentTree +-- pinkie@2.0.4
81 silly currentTree +-- pkg-dir@2.0.0
81 silly currentTree +-- portfinder@1.0.13
81 silly currentTree | `-- async@1.5.2
81 silly currentTree +-- preserve@0.2.0
81 silly currentTree +-- pretty-bytes@1.0.4
81 silly currentTree +-- private@0.1.8
81 silly currentTree +-- process-nextick-args@1.0.7
81 silly currentTree +-- process@0.11.10
81 silly currentTree +-- progress-stream@1.2.0
81 silly currentTree +-- promise@7.3.1
81 silly currentTree +-- prop-types@15.6.0
81 silly currentTree +-- proxy-addr@2.0.2
81 silly currentTree +-- prr@0.0.0
81 silly currentTree +-- pseudomap@1.0.2
81 silly currentTree +-- public-encrypt@4.0.0
81 silly currentTree +-- punycode@1.4.1
81 silly currentTree +-- qs@6.5.1
81 silly currentTree +-- querystring-es3@0.2.1
81 silly currentTree +-- querystring@0.2.0
81 silly currentTree +-- querystringify@0.0.4
81 silly currentTree +-- randomatic@1.1.7
81 silly currentTree | +-- is-number@3.0.0
81 silly currentTree | | `-- kind-of@3.2.2
81 silly currentTree | `-- kind-of@4.0.0
81 silly currentTree +-- randombytes@2.0.5
81 silly currentTree +-- randomfill@1.0.3
81 silly currentTree +-- range-parser@1.2.0
81 silly currentTree +-- raw-body@2.3.2
81 silly currentTree +-- rc@1.2.2
81 silly currentTree | `-- minimist@1.2.0
81 silly currentTree +-- react-dom@16.1.1
81 silly currentTree +-- react@16.1.1
81 silly currentTree +-- read-pkg-up@2.0.0
81 silly currentTree +-- read-pkg@2.0.0
81 silly currentTree +-- readable-stream@2.3.3
81 silly currentTree +-- readdirp@2.1.0
81 silly currentTree +-- redent@1.0.0
81 silly currentTree +-- regenerate@1.3.3
81 silly currentTree +-- regenerator-runtime@0.11.0
81 silly currentTree +-- regenerator-transform@0.10.1
81 silly currentTree +-- regex-cache@0.4.4
81 silly currentTree +-- regexpu-core@2.0.0
81 silly currentTree +-- regjsgen@0.2.0
81 silly currentTree +-- regjsparser@0.1.5
81 silly currentTree | `-- jsesc@0.5.0
81 silly currentTree +-- remove-trailing-separator@1.1.0
81 silly currentTree +-- repeat-element@1.1.2
81 silly currentTree +-- repeat-string@1.6.1
81 silly currentTree +-- repeating@2.0.1
81 silly currentTree +-- request@2.83.0
81 silly currentTree | `-- uuid@3.1.0
81 silly currentTree +-- require-directory@2.1.1
81 silly currentTree +-- require-main-filename@1.0.1
81 silly currentTree +-- requires-port@1.0.0
81 silly currentTree +-- resolve-cwd@2.0.0
81 silly currentTree +-- resolve-from@3.0.0
81 silly currentTree +-- right-align@0.1.3
81 silly currentTree +-- rimraf@2.6.2
81 silly currentTree +-- ripemd160@2.0.1
81 silly currentTree +-- safe-buffer@5.1.1
81 silly currentTree +-- select-hose@2.0.0
81 silly currentTree +-- selfsigned@1.10.1
81 silly currentTree +-- semver@5.4.1
81 silly currentTree +-- send@0.16.1
81 silly currentTree +-- serve-index@1.9.1
81 silly currentTree +-- serve-static@1.13.1
81 silly currentTree +-- set-blocking@2.0.0
81 silly currentTree +-- set-immediate-shim@1.0.1
81 silly currentTree +-- setimmediate@1.0.5
81 silly currentTree +-- setprototypeof@1.1.0
81 silly currentTree +-- sha.js@2.4.9
81 silly currentTree +-- shebang-command@1.2.0
81 silly currentTree +-- shebang-regex@1.0.0
81 silly currentTree +-- signal-exit@3.0.2
81 silly currentTree +-- single-line-log@1.1.2
81 silly currentTree | `-- string-width@1.0.2
81 silly currentTree +-- slash@1.0.0
81 silly currentTree +-- sntp@2.1.0
81 silly currentTree +-- sockjs-client@1.1.4
81 silly currentTree | `-- faye-websocket@0.11.1
81 silly currentTree +-- sockjs@0.3.18
81 silly currentTree +-- source-list-map@2.0.0
81 silly currentTree +-- source-map-support@0.4.18
81 silly currentTree +-- source-map@0.5.7
81 silly currentTree +-- spdx-correct@1.0.2
81 silly currentTree +-- spdx-expression-parse@1.0.4
81 silly currentTree +-- spdx-license-ids@1.2.2
81 silly currentTree +-- spdy-transport@2.0.20
81 silly currentTree +-- spdy@3.4.7
81 silly currentTree +-- speedometer@0.1.4
81 silly currentTree +-- sshpk@1.13.1
81 silly currentTree +-- statuses@1.3.1
81 silly currentTree +-- stream-browserify@2.0.1
81 silly currentTree +-- stream-http@2.7.2
81 silly currentTree +-- string_decoder@1.0.3
81 silly currentTree +-- string-width@2.1.1
81 silly currentTree | +-- ansi-regex@3.0.0
81 silly currentTree | +-- is-fullwidth-code-point@2.0.0
81 silly currentTree | `-- strip-ansi@4.0.0
81 silly currentTree +-- stringstream@0.0.5
81 silly currentTree +-- strip-ansi@3.0.1
81 silly currentTree +-- strip-bom@3.0.0
81 silly currentTree +-- strip-eof@1.0.0
81 silly currentTree +-- strip-indent@1.0.1
81 silly currentTree +-- strip-json-comments@2.0.1
81 silly currentTree +-- sumchecker@1.3.1
81 silly currentTree +-- supports-color@2.0.0
81 silly currentTree +-- tapable@0.2.8
81 silly currentTree +-- throttleit@0.0.2
81 silly currentTree +-- through2@0.2.3
81 silly currentTree | +-- isarray@0.0.1
81 silly currentTree | +-- object-keys@0.4.0
81 silly currentTree | +-- readable-stream@1.1.14
81 silly currentTree | +-- string_decoder@0.10.31
81 silly currentTree | `-- xtend@2.1.2
81 silly currentTree +-- thunky@0.1.0
81 silly currentTree +-- time-stamp@2.0.0
81 silly currentTree +-- timers-browserify@2.0.4
81 silly currentTree +-- to-arraybuffer@1.0.1
81 silly currentTree +-- to-fast-properties@1.0.3
81 silly currentTree +-- tough-cookie@2.3.3
81 silly currentTree +-- trim-newlines@1.0.0
81 silly currentTree +-- trim-right@1.0.1
81 silly currentTree +-- tty-browserify@0.0.0
81 silly currentTree +-- tunnel-agent@0.6.0
81 silly currentTree +-- tweetnacl@0.14.5
81 silly currentTree +-- type-is@1.6.15
81 silly currentTree +-- typedarray@0.0.6
81 silly currentTree +-- ua-parser-js@0.7.17
81 silly currentTree +-- uglify-js@2.8.29
81 silly currentTree | `-- yargs@3.10.0
81 silly currentTree +-- uglify-to-browserify@1.0.2
81 silly currentTree +-- uglifyjs-webpack-plugin@0.4.6
81 silly currentTree +-- unpipe@1.0.0
81 silly currentTree +-- url-parse@1.2.0
81 silly currentTree | `-- querystringify@1.0.0
81 silly currentTree +-- url@0.11.0
81 silly currentTree | `-- punycode@1.3.2
81 silly currentTree +-- util-deprecate@1.0.2
81 silly currentTree +-- util@0.10.3
81 silly currentTree | `-- inherits@2.0.1
81 silly currentTree +-- utils-merge@1.0.1
81 silly currentTree +-- uuid@2.0.3
81 silly currentTree +-- validate-npm-package-license@3.0.1
81 silly currentTree +-- vary@1.1.2
81 silly currentTree +-- verror@1.10.0
81 silly currentTree +-- vm-browserify@0.0.4
81 silly currentTree +-- watchpack@1.4.0
81 silly currentTree +-- wbuf@1.7.2
81 silly currentTree +-- webpack-dev-middleware@1.12.0
81 silly currentTree +-- webpack-dev-server@2.9.4
81 silly currentTree | +-- camelcase@3.0.0
81 silly currentTree | +-- cliui@3.2.0
81 silly currentTree | +-- debug@3.1.0
81 silly currentTree | +-- find-up@1.1.2
81 silly currentTree | +-- load-json-file@1.1.0
81 silly currentTree | +-- os-locale@1.4.0
81 silly currentTree | +-- path-exists@2.1.0
81 silly currentTree | +-- path-type@1.1.0
81 silly currentTree | +-- read-pkg-up@1.0.1
81 silly currentTree | +-- read-pkg@1.1.0
81 silly currentTree | +-- string-width@1.0.2
81 silly currentTree | +-- strip-bom@2.0.0
81 silly currentTree | +-- supports-color@4.5.0
81 silly currentTree | +-- which-module@1.0.0
81 silly currentTree | +-- yargs-parser@4.2.1
81 silly currentTree | `-- yargs@6.6.0
81 silly currentTree +-- webpack-sources@1.0.2
81 silly currentTree | `-- source-map@0.6.1
81 silly currentTree +-- webpack@3.8.1
81 silly currentTree | `-- supports-color@4.5.0
81 silly currentTree +-- websocket-driver@0.7.0
81 silly currentTree +-- websocket-extensions@0.1.3
81 silly currentTree +-- whatwg-fetch@2.0.3
81 silly currentTree +-- which-module@2.0.0
81 silly currentTree +-- which@1.3.0
81 silly currentTree +-- window-size@0.1.0
81 silly currentTree +-- wordwrap@0.0.2
81 silly currentTree +-- wrap-ansi@2.1.0
81 silly currentTree | `-- string-width@1.0.2
81 silly currentTree +-- wrappy@1.0.2
81 silly currentTree +-- xtend@4.0.1
81 silly currentTree +-- y18n@3.2.1
81 silly currentTree +-- yallist@2.1.2
81 silly currentTree +-- yargs-parser@7.0.0
81 silly currentTree | `-- camelcase@4.1.0
81 silly currentTree +-- yargs@8.0.2
81 silly currentTree | +-- camelcase@4.1.0
81 silly currentTree | `-- cliui@3.2.0
81 silly currentTree |   `-- string-width@1.0.2
81 silly currentTree `-- yauzl@2.4.1
82 silly idealTree setup@1.0.0
82 silly idealTree +-- @types/node@7.0.47
82 silly idealTree +-- accepts@1.3.4
82 silly idealTree +-- acorn-dynamic-import@2.0.2
82 silly idealTree | `-- acorn@4.0.13
82 silly idealTree +-- acorn@5.2.1
82 silly idealTree +-- ajv-keywords@2.1.1
82 silly idealTree +-- ajv@5.3.0
82 silly idealTree +-- align-text@0.1.4
82 silly idealTree +-- ansi-html@0.0.7
82 silly idealTree +-- ansi-regex@2.1.1
82 silly idealTree +-- ansi-styles@2.2.1
82 silly idealTree +-- anymatch@1.3.2
82 silly idealTree +-- arr-diff@2.0.0
82 silly idealTree +-- arr-flatten@1.1.0
82 silly idealTree +-- array-find-index@1.0.2
82 silly idealTree +-- array-flatten@2.1.1
82 silly idealTree +-- array-includes@3.0.3
82 silly idealTree +-- array-union@1.0.2
82 silly idealTree +-- array-uniq@1.0.3
82 silly idealTree +-- array-unique@0.2.1
82 silly idealTree +-- asap@2.0.6
82 silly idealTree +-- asn1.js@4.9.2
82 silly idealTree +-- asn1@0.2.3
82 silly idealTree +-- assert-plus@1.0.0
82 silly idealTree +-- assert@1.4.1
82 silly idealTree +-- async-each@1.0.1
82 silly idealTree +-- async@2.6.0
82 silly idealTree +-- asynckit@0.4.0
82 silly idealTree +-- aws-sign2@0.7.0
82 silly idealTree +-- aws4@1.6.0
82 silly idealTree +-- babel-code-frame@6.26.0
82 silly idealTree +-- babel-core@6.26.0
82 silly idealTree +-- babel-generator@6.26.0
82 silly idealTree +-- babel-helper-builder-react-jsx@6.26.0
82 silly idealTree +-- babel-helper-call-delegate@6.24.1
82 silly idealTree +-- babel-helper-define-map@6.26.0
82 silly idealTree +-- babel-helper-function-name@6.24.1
82 silly idealTree +-- babel-helper-get-function-arity@6.24.1
82 silly idealTree +-- babel-helper-hoist-variables@6.24.1
82 silly idealTree +-- babel-helper-optimise-call-expression@6.24.1
82 silly idealTree +-- babel-helper-regex@6.26.0
82 silly idealTree +-- babel-helper-replace-supers@6.24.1
82 silly idealTree +-- babel-helpers@6.24.1
82 silly idealTree +-- babel-loader@7.1.2
82 silly idealTree +-- babel-messages@6.23.0
82 silly idealTree +-- babel-plugin-check-es2015-constants@6.22.0
82 silly idealTree +-- babel-plugin-syntax-flow@6.18.0
82 silly idealTree +-- babel-plugin-syntax-jsx@6.18.0
82 silly idealTree +-- babel-plugin-transform-es2015-arrow-functions@6.22.0
82 silly idealTree +-- babel-plugin-transform-es2015-block-scoped-functions@6.22.0
82 silly idealTree +-- babel-plugin-transform-es2015-block-scoping@6.26.0
82 silly idealTree +-- babel-plugin-transform-es2015-classes@6.24.1
82 silly idealTree +-- babel-plugin-transform-es2015-computed-properties@6.24.1
82 silly idealTree +-- babel-plugin-transform-es2015-destructuring@6.23.0
82 silly idealTree +-- babel-plugin-transform-es2015-duplicate-keys@6.24.1
82 silly idealTree +-- babel-plugin-transform-es2015-for-of@6.23.0
82 silly idealTree +-- babel-plugin-transform-es2015-function-name@6.24.1
82 silly idealTree +-- babel-plugin-transform-es2015-literals@6.22.0
82 silly idealTree +-- babel-plugin-transform-es2015-modules-amd@6.24.1
82 silly idealTree +-- babel-plugin-transform-es2015-modules-commonjs@6.26.0
82 silly idealTree +-- babel-plugin-transform-es2015-modules-systemjs@6.24.1
82 silly idealTree +-- babel-plugin-transform-es2015-modules-umd@6.24.1
82 silly idealTree +-- babel-plugin-transform-es2015-object-super@6.24.1
82 silly idealTree +-- babel-plugin-transform-es2015-parameters@6.24.1
82 silly idealTree +-- babel-plugin-transform-es2015-shorthand-properties@6.24.1
82 silly idealTree +-- babel-plugin-transform-es2015-spread@6.22.0
82 silly idealTree +-- babel-plugin-transform-es2015-sticky-regex@6.24.1
82 silly idealTree +-- babel-plugin-transform-es2015-template-literals@6.22.0
82 silly idealTree +-- babel-plugin-transform-es2015-typeof-symbol@6.23.0
82 silly idealTree +-- babel-plugin-transform-es2015-unicode-regex@6.24.1
82 silly idealTree +-- babel-plugin-transform-flow-strip-types@6.22.0
82 silly idealTree +-- babel-plugin-transform-react-display-name@6.25.0
82 silly idealTree +-- babel-plugin-transform-react-jsx-self@6.22.0
82 silly idealTree +-- babel-plugin-transform-react-jsx-source@6.22.0
82 silly idealTree +-- babel-plugin-transform-react-jsx@6.24.1
82 silly idealTree +-- babel-plugin-transform-regenerator@6.26.0
82 silly idealTree +-- babel-plugin-transform-strict-mode@6.24.1
82 silly idealTree +-- babel-preset-es2015@6.24.1
82 silly idealTree +-- babel-preset-flow@6.23.0
82 silly idealTree +-- babel-preset-react@6.24.1
82 silly idealTree +-- babel-register@6.26.0
82 silly idealTree | `-- core-js@2.5.1
82 silly idealTree +-- babel-runtime@6.26.0
82 silly idealTree | `-- core-js@2.5.1
82 silly idealTree +-- babel-template@6.26.0
82 silly idealTree +-- babel-traverse@6.26.0
82 silly idealTree +-- babel-types@6.26.0
82 silly idealTree +-- babel@6.23.0
82 silly idealTree +-- babylon@6.18.0
82 silly idealTree +-- balanced-match@1.0.0
82 silly idealTree +-- base64-js@1.2.1
82 silly idealTree +-- batch@0.6.1
82 silly idealTree +-- bcrypt-pbkdf@1.0.1
82 silly idealTree +-- big.js@3.2.0
82 silly idealTree +-- binary-extensions@1.10.0
82 silly idealTree +-- bn.js@4.11.8
82 silly idealTree +-- body-parser@1.18.2
82 silly idealTree +-- bonjour@3.5.0
82 silly idealTree +-- boom@4.3.1
82 silly idealTree +-- brace-expansion@1.1.8
82 silly idealTree +-- braces@1.8.5
82 silly idealTree +-- brorand@1.1.0
82 silly idealTree +-- browserify-aes@1.1.1
82 silly idealTree +-- browserify-cipher@1.0.0
82 silly idealTree +-- browserify-des@1.0.0
82 silly idealTree +-- browserify-rsa@4.0.1
82 silly idealTree +-- browserify-sign@4.0.4
82 silly idealTree +-- browserify-zlib@0.1.4
82 silly idealTree +-- buffer-indexof@1.1.1
82 silly idealTree +-- buffer-xor@1.0.3
82 silly idealTree +-- buffer@4.9.1
82 silly idealTree +-- builtin-modules@1.1.1
82 silly idealTree +-- builtin-status-codes@3.0.0
82 silly idealTree +-- bytes@3.0.0
82 silly idealTree +-- camelcase-keys@2.1.0
82 silly idealTree | `-- camelcase@2.1.1
82 silly idealTree +-- camelcase@1.2.1
82 silly idealTree +-- caseless@0.12.0
82 silly idealTree +-- center-align@0.1.3
82 silly idealTree +-- chalk@1.1.3
82 silly idealTree +-- chokidar@1.7.0
82 silly idealTree +-- cipher-base@1.0.4
82 silly idealTree +-- cliui@2.1.0
82 silly idealTree +-- co@4.6.0
82 silly idealTree +-- code-point-at@1.1.0
82 silly idealTree +-- combined-stream@1.0.5
82 silly idealTree +-- commondir@1.0.1
82 silly idealTree +-- compressible@2.0.12
82 silly idealTree +-- compression@1.7.1
82 silly idealTree +-- concat-map@0.0.1
82 silly idealTree +-- concat-stream@1.6.0
82 silly idealTree +-- connect-history-api-fallback@1.5.0
82 silly idealTree +-- console-browserify@1.1.0
82 silly idealTree +-- constants-browserify@1.0.0
82 silly idealTree +-- content-disposition@0.5.2
82 silly idealTree +-- content-type@1.0.4
82 silly idealTree +-- convert-source-map@1.5.0
82 silly idealTree +-- cookie-signature@1.0.6
82 silly idealTree +-- cookie@0.3.1
82 silly idealTree +-- core-js@1.2.7
82 silly idealTree +-- core-util-is@1.0.2
82 silly idealTree +-- create-ecdh@4.0.0
82 silly idealTree +-- create-hash@1.1.3
82 silly idealTree +-- create-hmac@1.1.6
82 silly idealTree +-- cross-spawn@5.1.0
82 silly idealTree +-- cryptiles@3.1.2
82 silly idealTree | `-- boom@5.2.0
82 silly idealTree +-- crypto-browserify@3.12.0
82 silly idealTree +-- currently-unhandled@0.4.1
82 silly idealTree +-- d@1.0.0
82 silly idealTree +-- dashdash@1.14.1
82 silly idealTree +-- date-now@0.1.4
82 silly idealTree +-- debug@2.6.9
82 silly idealTree +-- decamelize@1.2.0
82 silly idealTree +-- deep-equal@1.0.1
82 silly idealTree +-- deep-extend@0.4.2
82 silly idealTree +-- define-properties@1.1.2
82 silly idealTree +-- del@3.0.0
82 silly idealTree | `-- pify@3.0.0
82 silly idealTree +-- delayed-stream@1.0.0
82 silly idealTree +-- depd@1.1.1
82 silly idealTree +-- des.js@1.0.0
82 silly idealTree +-- destroy@1.0.4
82 silly idealTree +-- detect-indent@4.0.0
82 silly idealTree +-- detect-node@2.0.3
82 silly idealTree +-- diffie-hellman@5.0.2
82 silly idealTree +-- dns-equal@1.0.0
82 silly idealTree +-- dns-packet@1.2.2
82 silly idealTree +-- dns-txt@2.0.2
82 silly idealTree +-- domain-browser@1.1.7
82 silly idealTree +-- ecc-jsbn@0.1.1
82 silly idealTree +-- ee-first@1.1.1
82 silly idealTree +-- electron-download@3.3.0
82 silly idealTree | +-- minimist@1.2.0
82 silly idealTree | `-- path-exists@2.1.0
82 silly idealTree +-- electron@1.7.9
82 silly idealTree +-- elliptic@6.4.0
82 silly idealTree +-- emojis-list@2.1.0
82 silly idealTree +-- encodeurl@1.0.1
82 silly idealTree +-- encoding@0.1.12
82 silly idealTree +-- enhanced-resolve@3.4.1
82 silly idealTree +-- errno@0.1.4
82 silly idealTree +-- error-ex@1.3.1
82 silly idealTree +-- es-abstract@1.9.0
82 silly idealTree +-- es-to-primitive@1.1.1
82 silly idealTree +-- es5-ext@0.10.35
82 silly idealTree +-- es6-iterator@2.0.3
82 silly idealTree +-- es6-map@0.1.5
82 silly idealTree +-- es6-promise@4.1.1
82 silly idealTree +-- es6-set@0.1.5
82 silly idealTree +-- es6-symbol@3.1.1
82 silly idealTree +-- es6-weak-map@2.0.2
82 silly idealTree +-- escape-html@1.0.3
82 silly idealTree +-- escape-string-regexp@1.0.5
82 silly idealTree +-- escope@3.6.0
82 silly idealTree +-- esrecurse@4.2.0
82 silly idealTree +-- estraverse@4.2.0
82 silly idealTree +-- esutils@2.0.2
82 silly idealTree +-- etag@1.8.1
82 silly idealTree +-- event-emitter@0.3.5
82 silly idealTree +-- eventemitter3@1.2.0
82 silly idealTree +-- events@1.1.1
82 silly idealTree +-- eventsource@0.1.6
82 silly idealTree +-- evp_bytestokey@1.0.3
82 silly idealTree +-- execa@0.7.0
82 silly idealTree +-- expand-brackets@0.1.5
82 silly idealTree +-- expand-range@1.8.2
82 silly idealTree +-- express@4.16.2
82 silly idealTree | `-- array-flatten@1.1.1
82 silly idealTree +-- extend@3.0.1
82 silly idealTree +-- extglob@0.3.2
82 silly idealTree +-- extract-zip@1.6.6
82 silly idealTree | `-- mkdirp@0.5.0
82 silly idealTree +-- extsprintf@1.3.0
82 silly idealTree +-- fast-deep-equal@1.0.0
82 silly idealTree +-- fast-json-stable-stringify@2.0.0
82 silly idealTree +-- faye-websocket@0.10.0
82 silly idealTree +-- fbjs@0.8.16
82 silly idealTree +-- fd-slicer@1.0.1
82 silly idealTree +-- filename-regex@2.0.1
82 silly idealTree +-- fill-range@2.2.3
82 silly idealTree +-- finalhandler@1.1.0
82 silly idealTree +-- find-cache-dir@1.0.0
82 silly idealTree +-- find-up@2.1.0
82 silly idealTree +-- for-in@1.0.2
82 silly idealTree +-- for-own@0.1.5
82 silly idealTree +-- foreach@2.0.5
82 silly idealTree +-- forever-agent@0.6.1
82 silly idealTree +-- form-data@2.3.1
82 silly idealTree +-- forwarded@0.1.2
82 silly idealTree +-- fresh@0.5.2
82 silly idealTree +-- fs-extra@0.30.0
82 silly idealTree +-- fs.realpath@1.0.0
82 silly idealTree +-- function-bind@1.1.1
82 silly idealTree +-- get-caller-file@1.0.2
82 silly idealTree +-- get-stdin@4.0.1
82 silly idealTree +-- get-stream@3.0.0
82 silly idealTree +-- getpass@0.1.7
82 silly idealTree +-- glob-base@0.3.0
82 silly idealTree +-- glob-parent@2.0.0
82 silly idealTree +-- glob@7.1.2
82 silly idealTree +-- globals@9.18.0
82 silly idealTree +-- globby@6.1.0
82 silly idealTree +-- graceful-fs@4.1.11
82 silly idealTree +-- handle-thing@1.2.5
82 silly idealTree +-- har-schema@2.0.0
82 silly idealTree +-- har-validator@5.0.3
82 silly idealTree +-- has-ansi@2.0.0
82 silly idealTree +-- has-flag@2.0.0
82 silly idealTree +-- has@1.0.1
82 silly idealTree +-- hash-base@2.0.2
82 silly idealTree +-- hash.js@1.1.3
82 silly idealTree +-- hawk@6.0.2
82 silly idealTree +-- hmac-drbg@1.0.1
82 silly idealTree +-- hoek@4.2.0
82 silly idealTree +-- home-or-tmp@2.0.0
82 silly idealTree +-- home-path@1.0.5
82 silly idealTree +-- hosted-git-info@2.5.0
82 silly idealTree +-- hpack.js@2.1.6
82 silly idealTree +-- html-entities@1.2.1
82 silly idealTree +-- http-deceiver@1.2.7
82 silly idealTree +-- http-errors@1.6.2
82 silly idealTree | `-- setprototypeof@1.0.3
82 silly idealTree +-- http-parser-js@0.4.9
82 silly idealTree +-- http-proxy-middleware@0.17.4
82 silly idealTree | +-- is-extglob@2.1.1
82 silly idealTree | `-- is-glob@3.1.0
82 silly idealTree +-- http-proxy@1.16.2
82 silly idealTree +-- http-signature@1.2.0
82 silly idealTree +-- https-browserify@0.0.1
82 silly idealTree +-- iconv-lite@0.4.19
82 silly idealTree +-- ieee754@1.1.8
82 silly idealTree +-- import-local@0.1.1
82 silly idealTree +-- indent-string@2.1.0
82 silly idealTree +-- indexof@0.0.1
82 silly idealTree +-- inflight@1.0.6
82 silly idealTree +-- inherits@2.0.3
82 silly idealTree +-- ini@1.3.4
82 silly idealTree +-- internal-ip@1.2.0
82 silly idealTree +-- interpret@1.0.4
82 silly idealTree +-- invariant@2.2.2
82 silly idealTree +-- invert-kv@1.0.0
82 silly idealTree +-- ip@1.1.5
82 silly idealTree +-- ipaddr.js@1.5.2
82 silly idealTree +-- is-arrayish@0.2.1
82 silly idealTree +-- is-binary-path@1.0.1
82 silly idealTree +-- is-buffer@1.1.6
82 silly idealTree +-- is-builtin-module@1.0.0
82 silly idealTree +-- is-callable@1.1.3
82 silly idealTree +-- is-date-object@1.0.1
82 silly idealTree +-- is-dotfile@1.0.3
82 silly idealTree +-- is-equal-shallow@0.1.3
82 silly idealTree +-- is-extendable@0.1.1
82 silly idealTree +-- is-extglob@1.0.0
82 silly idealTree +-- is-finite@1.0.2
82 silly idealTree +-- is-fullwidth-code-point@1.0.0
82 silly idealTree +-- is-glob@2.0.1
82 silly idealTree +-- is-number@2.1.0
82 silly idealTree +-- is-path-cwd@1.0.0
82 silly idealTree +-- is-path-in-cwd@1.0.0
82 silly idealTree +-- is-path-inside@1.0.0
82 silly idealTree +-- is-posix-bracket@0.1.1
82 silly idealTree +-- is-primitive@2.0.0
82 silly idealTree +-- is-regex@1.0.4
82 silly idealTree +-- is-stream@1.1.0
82 silly idealTree +-- is-symbol@1.0.1
82 silly idealTree +-- is-typedarray@1.0.0
82 silly idealTree +-- is-utf8@0.2.1
82 silly idealTree +-- is-wsl@1.1.0
82 silly idealTree +-- isarray@1.0.0
82 silly idealTree +-- isexe@2.0.0
82 silly idealTree +-- isobject@2.1.0
82 silly idealTree +-- isomorphic-fetch@2.2.1
82 silly idealTree +-- isstream@0.1.2
82 silly idealTree +-- js-tokens@3.0.2
82 silly idealTree +-- jsbn@0.1.1
82 silly idealTree +-- jsesc@1.3.0
82 silly idealTree +-- json-loader@0.5.7
82 silly idealTree +-- json-schema-traverse@0.3.1
82 silly idealTree +-- json-schema@0.2.3
82 silly idealTree +-- json-stringify-safe@5.0.1
82 silly idealTree +-- json3@3.3.2
82 silly idealTree +-- json5@0.5.1
82 silly idealTree +-- jsonfile@2.4.0
82 silly idealTree +-- jsprim@1.4.1
82 silly idealTree +-- killable@1.0.0
82 silly idealTree +-- kind-of@3.2.2
82 silly idealTree +-- klaw@1.3.1
82 silly idealTree +-- lazy-cache@1.0.4
82 silly idealTree +-- lcid@1.0.0
82 silly idealTree +-- load-json-file@2.0.0
82 silly idealTree +-- loader-runner@2.3.0
82 silly idealTree +-- loader-utils@1.1.0
82 silly idealTree +-- locate-path@2.0.0
82 silly idealTree +-- lodash@4.17.4
82 silly idealTree +-- loglevel@1.6.0
82 silly idealTree +-- longest@1.0.1
82 silly idealTree +-- loose-envify@1.3.1
82 silly idealTree +-- loud-rejection@1.6.0
82 silly idealTree +-- lru-cache@4.1.1
82 silly idealTree +-- make-dir@1.1.0
82 silly idealTree | `-- pify@3.0.0
82 silly idealTree +-- map-obj@1.0.1
82 silly idealTree +-- md5.js@1.3.4
82 silly idealTree | `-- hash-base@3.0.4
82 silly idealTree +-- media-typer@0.3.0
82 silly idealTree +-- mem@1.1.0
82 silly idealTree +-- memory-fs@0.4.1
82 silly idealTree +-- meow@3.7.0
82 silly idealTree | +-- find-up@1.1.2
82 silly idealTree | +-- load-json-file@1.1.0
82 silly idealTree | +-- minimist@1.2.0
82 silly idealTree | +-- path-exists@2.1.0
82 silly idealTree | +-- path-type@1.1.0
82 silly idealTree | +-- read-pkg-up@1.0.1
82 silly idealTree | +-- read-pkg@1.1.0
82 silly idealTree | `-- strip-bom@2.0.0
82 silly idealTree +-- merge-descriptors@1.0.1
82 silly idealTree +-- methods@1.1.2
82 silly idealTree +-- micromatch@2.3.11
82 silly idealTree +-- miller-rabin@4.0.1
82 silly idealTree +-- mime-db@1.30.0
82 silly idealTree +-- mime-types@2.1.17
82 silly idealTree +-- mime@1.4.1
82 silly idealTree +-- mimic-fn@1.1.0
82 silly idealTree +-- minimalistic-assert@1.0.0
82 silly idealTree +-- minimalistic-crypto-utils@1.0.1
82 silly idealTree +-- minimatch@3.0.4
82 silly idealTree +-- minimist@0.0.8
82 silly idealTree +-- mkdirp@0.5.1
82 silly idealTree +-- ms@2.0.0
82 silly idealTree +-- multicast-dns-service-types@1.1.0
82 silly idealTree +-- multicast-dns@6.1.1
82 silly idealTree +-- negotiator@0.6.1
82 silly idealTree +-- node-fetch@1.7.3
82 silly idealTree +-- node-forge@0.6.33
82 silly idealTree +-- node-libs-browser@2.0.0
82 silly idealTree | `-- string_decoder@0.10.31
82 silly idealTree +-- normalize-package-data@2.4.0
82 silly idealTree +-- normalize-path@2.1.1
82 silly idealTree +-- npm-run-path@2.0.2
82 silly idealTree +-- nugget@2.0.1
82 silly idealTree | `-- minimist@1.2.0
82 silly idealTree +-- number-is-nan@1.0.1
82 silly idealTree +-- oauth-sign@0.8.2
82 silly idealTree +-- object-assign@4.1.1
82 silly idealTree +-- object-keys@1.0.11
82 silly idealTree +-- object.omit@2.0.1
82 silly idealTree +-- obuf@1.1.1
82 silly idealTree +-- on-finished@2.3.0
82 silly idealTree +-- on-headers@1.0.1
82 silly idealTree +-- once@1.4.0
82 silly idealTree +-- opn@5.1.0
82 silly idealTree +-- original@1.0.0
82 silly idealTree | `-- url-parse@1.0.5
82 silly idealTree +-- os-browserify@0.2.1
82 silly idealTree +-- os-homedir@1.0.2
82 silly idealTree +-- os-locale@2.1.0
82 silly idealTree +-- os-tmpdir@1.0.2
82 silly idealTree +-- p-finally@1.0.0
82 silly idealTree +-- p-limit@1.1.0
82 silly idealTree +-- p-locate@2.0.0
82 silly idealTree +-- p-map@1.2.0
82 silly idealTree +-- pako@0.2.9
82 silly idealTree +-- parse-asn1@5.1.0
82 silly idealTree +-- parse-glob@3.0.4
82 silly idealTree +-- parse-json@2.2.0
82 silly idealTree +-- parseurl@1.3.2
82 silly idealTree +-- path-browserify@0.0.0
82 silly idealTree +-- path-exists@3.0.0
82 silly idealTree +-- path-is-absolute@1.0.1
82 silly idealTree +-- path-is-inside@1.0.2
82 silly idealTree +-- path-key@2.0.1
82 silly idealTree +-- path-to-regexp@0.1.7
82 silly idealTree +-- path-type@2.0.0
82 silly idealTree +-- pbkdf2@3.0.14
82 silly idealTree +-- pend@1.2.0
82 silly idealTree +-- performance-now@2.1.0
82 silly idealTree +-- pify@2.3.0
82 silly idealTree +-- pinkie-promise@2.0.1
82 silly idealTree +-- pinkie@2.0.4
82 silly idealTree +-- pkg-dir@2.0.0
82 silly idealTree +-- portfinder@1.0.13
82 silly idealTree | `-- async@1.5.2
82 silly idealTree +-- preserve@0.2.0
82 silly idealTree +-- pretty-bytes@1.0.4
82 silly idealTree +-- private@0.1.8
82 silly idealTree +-- process-nextick-args@1.0.7
82 silly idealTree +-- process@0.11.10
82 silly idealTree +-- progress-stream@1.2.0
82 silly idealTree +-- promise@7.3.1
82 silly idealTree +-- prop-types@15.6.0
82 silly idealTree +-- proxy-addr@2.0.2
82 silly idealTree +-- prr@0.0.0
82 silly idealTree +-- pseudomap@1.0.2
82 silly idealTree +-- public-encrypt@4.0.0
82 silly idealTree +-- punycode@1.4.1
82 silly idealTree +-- qs@6.5.1
82 silly idealTree +-- querystring-es3@0.2.1
82 silly idealTree +-- querystring@0.2.0
82 silly idealTree +-- querystringify@0.0.4
82 silly idealTree +-- randomatic@1.1.7
82 silly idealTree | +-- is-number@3.0.0
82 silly idealTree | | `-- kind-of@3.2.2
82 silly idealTree | `-- kind-of@4.0.0
82 silly idealTree +-- randombytes@2.0.5
82 silly idealTree +-- randomfill@1.0.3
82 silly idealTree +-- range-parser@1.2.0
82 silly idealTree +-- raw-body@2.3.2
82 silly idealTree +-- rc@1.2.2
82 silly idealTree | `-- minimist@1.2.0
82 silly idealTree +-- react-dom@16.1.1
82 silly idealTree +-- react@16.1.1
82 silly idealTree +-- read-pkg-up@2.0.0
82 silly idealTree +-- read-pkg@2.0.0
82 silly idealTree +-- readable-stream@2.3.3
82 silly idealTree +-- readdirp@2.1.0
82 silly idealTree +-- redent@1.0.0
82 silly idealTree +-- regenerate@1.3.3
82 silly idealTree +-- regenerator-runtime@0.11.0
82 silly idealTree +-- regenerator-transform@0.10.1
82 silly idealTree +-- regex-cache@0.4.4
82 silly idealTree +-- regexpu-core@2.0.0
82 silly idealTree +-- regjsgen@0.2.0
82 silly idealTree +-- regjsparser@0.1.5
82 silly idealTree | `-- jsesc@0.5.0
82 silly idealTree +-- remove-trailing-separator@1.1.0
82 silly idealTree +-- repeat-element@1.1.2
82 silly idealTree +-- repeat-string@1.6.1
82 silly idealTree +-- repeating@2.0.1
82 silly idealTree +-- request@2.83.0
82 silly idealTree | `-- uuid@3.1.0
82 silly idealTree +-- require-directory@2.1.1
82 silly idealTree +-- require-main-filename@1.0.1
82 silly idealTree +-- requires-port@1.0.0
82 silly idealTree +-- resolve-cwd@2.0.0
82 silly idealTree +-- resolve-from@3.0.0
82 silly idealTree +-- right-align@0.1.3
82 silly idealTree +-- rimraf@2.6.2
82 silly idealTree +-- ripemd160@2.0.1
82 silly idealTree +-- safe-buffer@5.1.1
82 silly idealTree +-- select-hose@2.0.0
82 silly idealTree +-- selfsigned@1.10.1
82 silly idealTree +-- semver@5.4.1
82 silly idealTree +-- send@0.16.1
82 silly idealTree +-- serve-index@1.9.1
82 silly idealTree +-- serve-static@1.13.1
82 silly idealTree +-- set-blocking@2.0.0
82 silly idealTree +-- set-immediate-shim@1.0.1
82 silly idealTree +-- setimmediate@1.0.5
82 silly idealTree +-- setprototypeof@1.1.0
82 silly idealTree +-- sha.js@2.4.9
82 silly idealTree +-- shebang-command@1.2.0
82 silly idealTree +-- shebang-regex@1.0.0
82 silly idealTree +-- signal-exit@3.0.2
82 silly idealTree +-- single-line-log@1.1.2
82 silly idealTree | `-- string-width@1.0.2
82 silly idealTree +-- slash@1.0.0
82 silly idealTree +-- sntp@2.1.0
82 silly idealTree +-- sockjs-client@1.1.4
82 silly idealTree | `-- faye-websocket@0.11.1
82 silly idealTree +-- sockjs@0.3.18
82 silly idealTree +-- source-list-map@2.0.0
82 silly idealTree +-- source-map-support@0.4.18
82 silly idealTree +-- source-map@0.5.7
82 silly idealTree +-- spdx-correct@1.0.2
82 silly idealTree +-- spdx-expression-parse@1.0.4
82 silly idealTree +-- spdx-license-ids@1.2.2
82 silly idealTree +-- spdy-transport@2.0.20
82 silly idealTree +-- spdy@3.4.7
82 silly idealTree +-- speedometer@0.1.4
82 silly idealTree +-- sshpk@1.13.1
82 silly idealTree +-- statuses@1.3.1
82 silly idealTree +-- stream-browserify@2.0.1
82 silly idealTree +-- stream-http@2.7.2
82 silly idealTree +-- string_decoder@1.0.3
82 silly idealTree +-- string-width@2.1.1
82 silly idealTree | +-- ansi-regex@3.0.0
82 silly idealTree | +-- is-fullwidth-code-point@2.0.0
82 silly idealTree | `-- strip-ansi@4.0.0
82 silly idealTree +-- stringstream@0.0.5
82 silly idealTree +-- strip-ansi@3.0.1
82 silly idealTree +-- strip-bom@3.0.0
82 silly idealTree +-- strip-eof@1.0.0
82 silly idealTree +-- strip-indent@1.0.1
82 silly idealTree +-- strip-json-comments@2.0.1
82 silly idealTree +-- sumchecker@1.3.1
82 silly idealTree +-- supports-color@2.0.0
82 silly idealTree +-- tapable@0.2.8
82 silly idealTree +-- throttleit@0.0.2
82 silly idealTree +-- through2@0.2.3
82 silly idealTree | +-- isarray@0.0.1
82 silly idealTree | +-- object-keys@0.4.0
82 silly idealTree | +-- readable-stream@1.1.14
82 silly idealTree | +-- string_decoder@0.10.31
82 silly idealTree | `-- xtend@2.1.2
82 silly idealTree +-- thunky@0.1.0
82 silly idealTree +-- time-stamp@2.0.0
82 silly idealTree +-- timers-browserify@2.0.4
82 silly idealTree +-- to-arraybuffer@1.0.1
82 silly idealTree +-- to-fast-properties@1.0.3
82 silly idealTree +-- tough-cookie@2.3.3
82 silly idealTree +-- trim-newlines@1.0.0
82 silly idealTree +-- trim-right@1.0.1
82 silly idealTree +-- tty-browserify@0.0.0
82 silly idealTree +-- tunnel-agent@0.6.0
82 silly idealTree +-- tweetnacl@0.14.5
82 silly idealTree +-- type-is@1.6.15
82 silly idealTree +-- typedarray@0.0.6
82 silly idealTree +-- ua-parser-js@0.7.17
82 silly idealTree +-- uglify-js@2.8.29
82 silly idealTree | `-- yargs@3.10.0
82 silly idealTree +-- uglify-to-browserify@1.0.2
82 silly idealTree +-- uglifyjs-webpack-plugin@0.4.6
82 silly idealTree +-- unpipe@1.0.0
82 silly idealTree +-- url-parse@1.2.0
82 silly idealTree | `-- querystringify@1.0.0
82 silly idealTree +-- url@0.11.0
82 silly idealTree | `-- punycode@1.3.2
82 silly idealTree +-- util-deprecate@1.0.2
82 silly idealTree +-- util@0.10.3
82 silly idealTree | `-- inherits@2.0.1
82 silly idealTree +-- utils-merge@1.0.1
82 silly idealTree +-- uuid@2.0.3
82 silly idealTree +-- validate-npm-package-license@3.0.1
82 silly idealTree +-- vary@1.1.2
82 silly idealTree +-- verror@1.10.0
82 silly idealTree +-- vm-browserify@0.0.4
82 silly idealTree +-- watchpack@1.4.0
82 silly idealTree +-- wbuf@1.7.2
82 silly idealTree +-- webpack-dev-middleware@1.12.0
82 silly idealTree +-- webpack-dev-server@2.9.4
82 silly idealTree | +-- camelcase@3.0.0
82 silly idealTree | +-- cliui@3.2.0
82 silly idealTree | +-- debug@3.1.0
82 silly idealTree | +-- find-up@1.1.2
82 silly idealTree | +-- load-json-file@1.1.0
82 silly idealTree | +-- os-locale@1.4.0
82 silly idealTree | +-- path-exists@2.1.0
82 silly idealTree | +-- path-type@1.1.0
82 silly idealTree | +-- read-pkg-up@1.0.1
82 silly idealTree | +-- read-pkg@1.1.0
82 silly idealTree | +-- string-width@1.0.2
82 silly idealTree | +-- strip-bom@2.0.0
82 silly idealTree | +-- supports-color@4.5.0
82 silly idealTree | +-- which-module@1.0.0
82 silly idealTree | +-- yargs-parser@4.2.1
82 silly idealTree | `-- yargs@6.6.0
82 silly idealTree +-- webpack-sources@1.0.2
82 silly idealTree | `-- source-map@0.6.1
82 silly idealTree +-- webpack@3.8.1
82 silly idealTree | `-- supports-color@4.5.0
82 silly idealTree +-- websocket-driver@0.7.0
82 silly idealTree +-- websocket-extensions@0.1.3
82 silly idealTree +-- whatwg-fetch@2.0.3
82 silly idealTree +-- which-module@2.0.0
82 silly idealTree +-- which@1.3.0
82 silly idealTree +-- window-size@0.1.0
82 silly idealTree +-- wordwrap@0.0.2
82 silly idealTree +-- wrap-ansi@2.1.0
82 silly idealTree | `-- string-width@1.0.2
82 silly idealTree +-- wrappy@1.0.2
82 silly idealTree +-- xtend@4.0.1
82 silly idealTree +-- y18n@3.2.1
82 silly idealTree +-- yallist@2.1.2
82 silly idealTree +-- yargs-parser@7.0.0
82 silly idealTree | `-- camelcase@4.1.0
82 silly idealTree +-- yargs@8.0.2
82 silly idealTree | +-- camelcase@4.1.0
82 silly idealTree | `-- cliui@3.2.0
82 silly idealTree |   `-- string-width@1.0.2
82 silly idealTree `-- yauzl@2.4.1
83 silly generateActionsToTake Starting
84 silly install generateActionsToTake
85 silly generateActionsToTake Finishing
86 silly diffTrees action count 1
87 silly diffTrees add electron@1.7.9
88 silly decomposeActions action count 8
89 silly decomposeActions fetch electron@1.7.9
90 silly decomposeActions extract electron@1.7.9
91 silly decomposeActions test electron@1.7.9
92 silly decomposeActions preinstall electron@1.7.9
93 silly decomposeActions build electron@1.7.9
94 silly decomposeActions install electron@1.7.9
95 silly decomposeActions postinstall electron@1.7.9
96 silly decomposeActions finalize electron@1.7.9
97 silly runTopLevelLifecycles Starting
98 silly executeActions Starting
99 silly install executeActions
100 silly doSerial global-install 0
101 silly doParallel fetch 1
102 verbose correctMkdir C:\Users\Gentle Machine\AppData\Roaming\npm-cache\_locks correctMkdir not in flight; initializing
103 verbose lock using C:\Users\Gentle Machine\AppData\Roaming\npm-cache\_locks\staging-31d65bdd4c4cc203.lock for C:\Users\Gentle Machine\Videos\Web Dev\Coding 2\Project Setup\node_modules\.staging
104 silly doParallel extract 1
105 silly extract electron@1.7.9
106 verbose unbuild node_modules\.staging\electron-258fc5ab
107 silly gentlyRm C:\Users\Gentle Machine\Videos\Web Dev\Coding 2\Project Setup\node_modules\.staging\electron-258fc5ab is being purged from base C:\Users\Gentle Machine\Videos\Web Dev\Coding 2\Project Setup
108 verbose gentlyRm don't care about contents; nuking C:\Users\Gentle Machine\Videos\Web Dev\Coding 2\Project Setup\node_modules\.staging\electron-258fc5ab
109 verbose tar unpack C:\Users\Gentle Machine\AppData\Roaming\npm-cache\electron\1.7.9\package.tgz
110 verbose tar unpacking to C:\Users\Gentle Machine\Videos\Web Dev\Coding 2\Project Setup\node_modules\.staging\electron-258fc5ab
111 silly gentlyRm C:\Users\Gentle Machine\Videos\Web Dev\Coding 2\Project Setup\node_modules\.staging\electron-258fc5ab is being purged
112 verbose gentlyRm don't care about contents; nuking C:\Users\Gentle Machine\Videos\Web Dev\Coding 2\Project Setup\node_modules\.staging\electron-258fc5ab
113 silly gunzTarPerm modes [ '777', '666' ]
114 silly gunzTarPerm extractEntry package.json
115 silly gunzTarPerm modified mode [ 'package.json', 420, 438 ]
116 silly gunzTarPerm extractEntry README.md
117 silly gunzTarPerm modified mode [ 'README.md', 420, 438 ]
118 silly gunzTarPerm extractEntry cli.js
119 silly gunzTarPerm modified mode [ 'cli.js', 420, 438 ]
120 silly gunzTarPerm extractEntry index.js
121 silly gunzTarPerm modified mode [ 'index.js', 420, 438 ]
122 silly gunzTarPerm extractEntry install.js
123 silly gunzTarPerm modified mode [ 'install.js', 420, 438 ]
124 silly gunzTarPerm extractEntry electron.d.ts
125 silly gunzTarPerm modified mode [ 'electron.d.ts', 420, 438 ]
126 silly gentlyRm C:\Users\Gentle Machine\Videos\Web Dev\Coding 2\Project Setup\node_modules\.staging\electron-258fc5ab\node_modules is being purged
127 verbose gentlyRm don't care about contents; nuking C:\Users\Gentle Machine\Videos\Web Dev\Coding 2\Project Setup\node_modules\.staging\electron-258fc5ab\node_modules
128 silly doParallel preinstall 1
129 silly preinstall electron@1.7.9 C:\Users\Gentle Machine\Videos\Web Dev\Coding 2\Project Setup\node_modules\.staging\electron-258fc5ab
130 info lifecycle electron@1.7.9~preinstall: electron@1.7.9
131 silly lifecycle electron@1.7.9~preinstall: no script for preinstall, continuing
132 silly doReverseSerial remove 0
133 silly doSerial move 0
134 silly doSerial finalize 1
135 silly finalize C:\Users\Gentle Machine\Videos\Web Dev\Coding 2\Project Setup\node_modules\electron
136 silly doSerial build 1
137 silly build electron@1.7.9
138 info linkStuff electron@1.7.9
139 silly linkStuff electron@1.7.9 has C:\Users\Gentle Machine\Videos\Web Dev\Coding 2\Project Setup\node_modules as its parent node_modules
140 verbose linkBins electron@1.7.9
141 verbose link bins [ { electron: 'cli.js' },
141 verbose link bins   'C:\\Users\\Gentle Machine\\Videos\\Web Dev\\Coding 2\\Project Setup\\node_modules\\.bin',
141 verbose link bins   false ]
142 verbose linkMans electron@1.7.9
143 silly doSerial global-link 0
144 silly doParallel update-linked 0
145 silly doSerial install 1
146 silly install electron@1.7.9 C:\Users\Gentle Machine\Videos\Web Dev\Coding 2\Project Setup\node_modules\.staging\electron-258fc5ab
147 info lifecycle electron@1.7.9~install: electron@1.7.9
148 silly lifecycle electron@1.7.9~install: no script for install, continuing
149 silly doSerial postinstall 1
150 silly postinstall electron@1.7.9 C:\Users\Gentle Machine\Videos\Web Dev\Coding 2\Project Setup\node_modules\.staging\electron-258fc5ab
151 info lifecycle electron@1.7.9~postinstall: electron@1.7.9
152 verbose lifecycle electron@1.7.9~postinstall: unsafe-perm in lifecycle true
153 verbose lifecycle electron@1.7.9~postinstall: PATH: C:\Program Files\nodejs\node_modules\npm\bin\node-gyp-bin;C:\Users\Gentle Machine\Videos\Web Dev\Coding 2\Project Setup\node_modules\electron\node_modules\.bin;C:\Users\Gentle Machine\Videos\Web Dev\Coding 2\Project Setup\node_modules\.bin;C:\Windows\system32;C:\Windows;C:\Windows\System32\Wbem;C:\Windows\System32\WindowsPowerShell\v1.0\;C:\Program Files (x86)\ATI Technologies\ATI.ACE\Core-Static;C:\Program Files\nodejs\;C:\Users\Gentle Machine\AppData\Local\atom\bin;C:\Users\Gentle Machine\AppData\Roaming\npm
154 verbose lifecycle electron@1.7.9~postinstall: CWD: C:\Users\Gentle Machine\Videos\Web Dev\Coding 2\Project Setup\node_modules\electron
155 silly lifecycle electron@1.7.9~postinstall: Args: [ '/d /s /c', 'node install.js' ]
156 silly lifecycle electron@1.7.9~postinstall: Returned: code: 3221225786  signal: null
157 info lifecycle electron@1.7.9~postinstall: Failed to exec postinstall script
158 verbose stack Error: kill ENOSYS
158 verbose stack     at exports._errnoException (util.js:1018:11)
158 verbose stack     at process.kill (internal/process.js:190:13)
158 verbose stack     at process.listener (C:\Program Files\nodejs\node_modules\npm\node_modules\npmlog\node_modules\gauge\node_modules\signal-exit\index.js:86:15)
158 verbose stack     at emitNone (events.js:91:20)
158 verbose stack     at process.emit (events.js:185:7)
158 verbose stack     at processEmit (C:\Program Files\nodejs\node_modules\npm\node_modules\npmlog\node_modules\gauge\node_modules\signal-exit\index.js:146:32)
158 verbose stack     at processEmit (C:\Program Files\nodejs\node_modules\npm\node_modules\npm-registry-client\node_modules\npmlog\node_modules\gauge\node_modules\signal-exit\index.js:146:32)
158 verbose stack     at Signal.wrap.onsignal (internal/process.js:217:44)
159 verbose cwd C:\Users\Gentle Machine\Videos\Web Dev\Coding 2\Project Setup
160 error Windows_NT 10.0.10240
161 error argv "C:\\Program Files\\nodejs\\node.exe" "C:\\Program Files\\nodejs\\node_modules\\npm\\bin\\npm-cli.js" "install" "electron" "--save"
162 error node v6.11.1
163 error npm  v3.10.10
164 error code ENOSYS
165 error errno ENOSYS
166 error syscall kill
167 error kill ENOSYS
168 error If you need help, you may report this error at:
168 error     <https://github.com/npm/npm/issues>
169 verbose exit [ 1, true ]
